<?xml version="1.0" encoding="UTF-8"?>
<testng-results skipped="0" failed="0" total="1" passed="1">
  <reporter-output>
  </reporter-output>
  <suite name="Default suite" duration-ms="25654" started-at="2018-01-05T19:44:54Z" finished-at="2018-01-05T19:45:19Z">
    <groups>
    </groups>
    <test name="Default test" duration-ms="25654" started-at="2018-01-05T19:44:54Z" finished-at="2018-01-05T19:45:19Z">
      <class name="GmailTest.GmailTest.mailsCheck">
        <test-method status="PASS" signature="CountMail()[pri:0, instance:GmailTest.GmailTest.mailsCheck@47c62251]" name="CountMail" duration-ms="25637" started-at="2018-01-06T01:14:54Z" finished-at="2018-01-06T01:15:19Z">
          <reporter-output>
          </reporter-output>
        </test-method> <!-- CountMail -->
      </class> <!-- GmailTest.GmailTest.mailsCheck -->
    </test> <!-- Default test -->
  </suite> <!-- Default suite -->
</testng-results>
